<?xml version="1.0" encoding="UTF-8"?>
<testng-results skipped="0" failed="0" total="2" passed="2">
  <reporter-output>
  </reporter-output>
  <suite name="Default suite" duration-ms="26160" started-at="2018-11-27T10:53:10Z" finished-at="2018-11-27T10:53:36Z">
    <groups>
      <group name="cucumber">
        <method signature="AbstractTestNGCucumberTests.feature(cucumber.api.testng.CucumberFeatureWrapper)[pri:0, instance:runners.MainRunner@25bbe1b6]" name="feature" class="cucumber.api.testng.AbstractTestNGCucumberTests"/>
      </group> <!-- cucumber -->
    </groups>
    <test name="Default test" duration-ms="26160" started-at="2018-11-27T10:53:10Z" finished-at="2018-11-27T10:53:36Z">
      <class name="runners.MainRunner">
        <test-method status="PASS" signature="setUpClass()[pri:0, instance:runners.MainRunner@25bbe1b6]" name="setUpClass" is-config="true" duration-ms="308" started-at="2018-11-27T10:53:10Z" finished-at="2018-11-27T10:53:11Z">
          <reporter-output>
          </reporter-output>
        </test-method> <!-- setUpClass -->
        <test-method status="PASS" signature="feature(cucumber.api.testng.CucumberFeatureWrapper)[pri:0, instance:runners.MainRunner@25bbe1b6]" name="feature" duration-ms="19199" started-at="2018-11-27T10:53:11Z" description="Runs Cucumber Feature" data-provider="features" finished-at="2018-11-27T10:53:30Z">
          <params>
            <param index="0">
              <value>
                <![CDATA[Submit data to webdriveruniversity.com using contact us form]]>
              </value>
            </param>
          </params>
          <reporter-output>
          </reporter-output>
        </test-method> <!-- feature -->
        <test-method status="PASS" signature="feature(cucumber.api.testng.CucumberFeatureWrapper)[pri:0, instance:runners.MainRunner@25bbe1b6]" name="feature" duration-ms="5866" started-at="2018-11-27T10:53:30Z" description="Runs Cucumber Feature" data-provider="features" finished-at="2018-11-27T10:53:36Z">
          <params>
            <param index="0">
              <value>
                <![CDATA[Products page]]>
              </value>
            </param>
          </params>
          <reporter-output>
          </reporter-output>
        </test-method> <!-- feature -->
        <test-method status="PASS" signature="tearDownClass()[pri:0, instance:runners.MainRunner@25bbe1b6]" name="tearDownClass" is-config="true" duration-ms="664" started-at="2018-11-27T10:53:36Z" finished-at="2018-11-27T10:53:36Z">
          <reporter-output>
          </reporter-output>
        </test-method> <!-- tearDownClass -->
      </class> <!-- runners.MainRunner -->
    </test> <!-- Default test -->
  </suite> <!-- Default suite -->
</testng-results>
